<?xml version="1.0" encoding="utf-8"?><testsuites name="pytest tests"><testsuite name="pytest" errors="0" failures="0" skipped="0" tests="18" time="6.461" timestamp="2026-04-16T03:16:16.219655+00:00" hostname="agent-env-f5b1e97c-e5eb-4459-9cfe-e3c9ae6d9337"><testcase classname="tests.test_requests_api.TestRequestSeedEndpoint" name="test_seed_requests" time="0.317" /><testcase classname="tests.test_requests_api.TestRequestsCRUD" name="test_create_request_and_verify" time="0.480" /><testcase classname="tests.test_requests_api.TestRequestsCRUD" name="test_get_all_requests" time="0.195" /><testcase classname="tests.test_requests_api.TestRequestsCRUD" name="test_get_single_request" time="0.491" /><testcase classname="tests.test_requests_api.TestRequestsCRUD" name="test_get_nonexistent_request" time="0.177" /><testcase classname="tests.test_requests_api.TestRequestFiltering" name="test_filter_by_status_pending" time="0.297" /><testcase classname="tests.test_requests_api.TestRequestFiltering" name="test_filter_by_status_accepted" time="0.150" /><testcase classname="tests.test_requests_api.TestRequestFiltering" name="test_filter_by_status_alternative_offered" time="0.142" /><testcase classname="tests.test_requests_api.TestRequestActions" name="test_accept_request_creates_appointment" time="0.983" /><testcase classname="tests.test_requests_api.TestRequestActions" name="test_accept_already_accepted_request" time="0.745" /><testcase classname="tests.test_requests_api.TestRequestActions" name="test_accept_nonexistent_request" time="0.125" /><testcase classname="tests.test_requests_api.TestRequestActions" name="test_suggest_alternative_updates_request" time="0.540" /><testcase classname="tests.test_requests_api.TestRequestActions" name="test_suggest_alternative_without_note" time="0.416" /><testcase classname="tests.test_requests_api.TestRequestActions" name="test_suggest_nonexistent_request" time="0.163" /><testcase classname="tests.test_requests_api.TestRequestActions" name="test_decline_request_deletes_it" time="0.451" /><testcase classname="tests.test_requests_api.TestRequestActions" name="test_decline_nonexistent_request" time="0.129" /><testcase classname="tests.test_requests_api.TestDataValidation" name="test_create_request_missing_required_fields" time="0.162" /><testcase classname="tests.test_requests_api.TestDataValidation" name="test_suggest_missing_required_fields" time="0.404" /></testsuite></testsuites>