<?xml version="1.0" encoding="utf-8"?><testsuites name="pytest tests"><testsuite name="pytest" errors="0" failures="0" skipped="0" tests="16" time="4.379" timestamp="2026-04-16T03:01:07.682328+00:00" hostname="agent-env-f5b1e97c-e5eb-4459-9cfe-e3c9ae6d9337"><testcase classname="tests.test_appointments_api.TestHealthCheck" name="test_api_root" time="0.248" /><testcase classname="tests.test_appointments_api.TestSeedEndpoint" name="test_seed_appointments" time="0.162" /><testcase classname="tests.test_appointments_api.TestAppointmentsCRUD" name="test_get_all_appointments" time="0.112" /><testcase classname="tests.test_appointments_api.TestAppointmentsCRUD" name="test_create_appointment_and_verify" time="0.488" /><testcase classname="tests.test_appointments_api.TestAppointmentsCRUD" name="test_get_single_appointment" time="0.371" /><testcase classname="tests.test_appointments_api.TestAppointmentsCRUD" name="test_get_nonexistent_appointment" time="0.125" /><testcase classname="tests.test_appointments_api.TestAppointmentsCRUD" name="test_update_appointment_and_verify" time="0.501" /><testcase classname="tests.test_appointments_api.TestAppointmentsCRUD" name="test_update_nonexistent_appointment" time="0.122" /><testcase classname="tests.test_appointments_api.TestAppointmentsCRUD" name="test_delete_appointment_and_verify" time="0.450" /><testcase classname="tests.test_appointments_api.TestAppointmentsCRUD" name="test_delete_nonexistent_appointment" time="0.107" /><testcase classname="tests.test_appointments_api.TestAppointmentFiltering" name="test_filter_by_date" time="0.268" /><testcase classname="tests.test_appointments_api.TestAppointmentFiltering" name="test_filter_by_status_upcoming" time="0.105" /><testcase classname="tests.test_appointments_api.TestAppointmentFiltering" name="test_filter_by_status_completed" time="0.357" /><testcase classname="tests.test_appointments_api.TestAppointmentFiltering" name="test_filter_by_status_cancelled" time="0.385" /><testcase classname="tests.test_appointments_api.TestDataValidation" name="test_create_appointment_missing_required_fields" time="0.113" /><testcase classname="tests.test_appointments_api.TestDataValidation" name="test_update_with_empty_payload" time="0.384" /></testsuite></testsuites>